<?xml version="1.0" encoding="UTF-8"?>
<!-- Generated by org.testng.reporters.JUnitReportReporter -->
<testsuite hostname="LAPTOP-2IUQ7A6J" failures="0" tests="1" name="Automation.Appium2_0.StartServer" time="19.194" errors="0" timestamp="2023-08-18T13:12:01 IST" skipped="0">
  <testcase classname="Automation.Appium2_0.StartServer" name="serverSetup" time="19.194"/>
</testsuite> <!-- Automation.Appium2_0.StartServer -->
