<?xml version="1.0" encoding="UTF-8"?>
<!-- Generated by org.testng.reporters.JUnitReportReporter -->
<testsuite hostname="LAPTOP-2IUQ7A6J" failures="0" tests="1" name="projectAgro.TestRegisterfun" time="4.588" errors="0" timestamp="2023-08-23T00:22:54 IST" skipped="0">
  <testcase classname="projectAgro.TestRegisterfun" name="RegesterFun" time="4.588"/>
</testsuite> <!-- projectAgro.TestRegisterfun -->
