<?xml version="1.0" encoding="UTF-8"?>
<!-- Generated by org.testng.reporters.JUnitReportReporter -->
<testsuite hostname="LAPTOP-2IUQ7A6J" failures="0" tests="1" name="projectAgro.TestRegesterFun" time="11.655" errors="0" timestamp="2023-09-05T13:14:35 IST" skipped="0">
  <testcase classname="projectAgro.TestRegesterFun" name="regesterfun" time="11.655"/>
</testsuite> <!-- projectAgro.TestRegesterFun -->
