<?xml version="1.0" encoding="UTF-8"?>
<!-- Generated by org.testng.reporters.JUnitReportReporter -->
<testsuite hostname="LAPTOP-2IUQ7A6J" failures="0" tests="1" name="projectAgro.Test4CartValue" time="0.788" errors="0" timestamp="2023-08-23T00:01:22 IST" skipped="0">
  <testcase classname="projectAgro.Test4CartValue" name="cartAddingAddition" time="0.788"/>
</testsuite> <!-- projectAgro.Test4CartValue -->
