<?xml version="1.0" encoding="UTF-8"?>
<!-- Generated by org.testng.reporters.JUnitReportReporter -->
<testsuite hostname="LAPTOP-2IUQ7A6J" failures="0" tests="1" name="gestures.Scroolbyanother" time="28.295" errors="0" timestamp="2023-08-19T18:53:22 IST" skipped="0">
  <testcase classname="gestures.Scroolbyanother" name="scroll" time="28.295"/>
</testsuite> <!-- gestures.Scroolbyanother -->
