<?xml version="1.0" encoding="UTF-8"?>
<!-- Generated by org.testng.reporters.JUnitReportReporter -->
<testsuite hostname="LAPTOP-2IUQ7A6J" failures="0" tests="1" name="projectAgro.Test3ScrollAllPage" time="6.584" errors="0" timestamp="2023-08-22T23:57:26 IST" skipped="0">
  <testcase classname="projectAgro.Test3ScrollAllPage" name="scrollhomepage" time="6.584"/>
</testsuite> <!-- projectAgro.Test3ScrollAllPage -->
