<?xml version="1.0" encoding="UTF-8"?>
<!-- Generated by org.testng.reporters.JUnitReportReporter -->
<testsuite hostname="LAPTOP-2IUQ7A6J" failures="0" tests="1" name="gestures.LongPress" time="31.779" errors="0" timestamp="2023-08-19T11:57:21 IST" skipped="0">
  <testcase classname="gestures.LongPress" name="longpress" time="31.779"/>
</testsuite> <!-- gestures.LongPress -->
