<?xml version="1.0" encoding="UTF-8"?>
<!-- Generated by org.testng.reporters.JUnitReportReporter -->
<testsuite hostname="LAPTOP-2IUQ7A6J" failures="0" tests="1" name="gestures.Sapmlepra" time="28.965" errors="0" timestamp="2023-08-20T21:31:12 IST" skipped="0">
  <testcase classname="gestures.Sapmlepra" name="asehi" time="28.965"/>
</testsuite> <!-- gestures.Sapmlepra -->
