<?xml version="1.0" encoding="UTF-8"?>
<!-- Generated by org.testng.reporters.JUnitReportReporter -->
<testsuite hostname="LAPTOP-2IUQ7A6J" failures="0" tests="1" name="projectAgro.Pinchtheimage" time="10.131" errors="0" timestamp="2023-08-22T23:45:52 IST" skipped="0">
  <testcase classname="projectAgro.Pinchtheimage" name="Zoomout" time="10.131"/>
</testsuite> <!-- projectAgro.Pinchtheimage -->
