<?xml version="1.0" encoding="UTF-8"?>
<!-- Generated by org.testng.reporters.JUnitReportReporter -->
<testsuite hostname="LAPTOP-2IUQ7A6J" failures="0" tests="1" name="gestures.ScrollByUiAutomator" time="17.662" errors="0" timestamp="2023-08-19T12:53:46 IST" skipped="0">
  <testcase classname="gestures.ScrollByUiAutomator" name="scrollBy" time="17.662"/>
</testsuite> <!-- gestures.ScrollByUiAutomator -->
