<?xml version="1.0" encoding="UTF-8"?>
<!-- Generated by org.testng.reporters.JUnitReportReporter -->
<testsuite hostname="LAPTOP-2IUQ7A6J" failures="0" tests="1" name="gestures.Rotatations" time="30.731" errors="0" timestamp="2023-08-22T00:18:57 IST" skipped="0">
  <testcase classname="gestures.Rotatations" name="rotaion" time="30.731"/>
</testsuite> <!-- gestures.Rotatations -->
