<?xml version="1.0" encoding="UTF-8"?>
<!-- Generated by org.testng.reporters.JUnitReportReporter -->
<testsuite hostname="LAPTOP-2IUQ7A6J" failures="0" tests="1" name="gestures.PinchGesture" time="27.115" errors="0" timestamp="2023-08-21T21:07:00 IST" skipped="0">
  <testcase classname="gestures.PinchGesture" name="pinchOpenClose" time="27.115"/>
</testsuite> <!-- gestures.PinchGesture -->
