<?xml version="1.0" encoding="UTF-8"?>
<!-- Generated by org.testng.reporters.JUnitReportReporter -->
<testsuite hostname="LAPTOP-2IUQ7A6J" failures="0" tests="1" name="gestures.DragDrop" time="26.388" errors="0" timestamp="2023-08-21T00:54:04 IST" skipped="0">
  <testcase classname="gestures.DragDrop" name="dragandDrop" time="26.388"/>
</testsuite> <!-- gestures.DragDrop -->
