<?xml version="1.0" encoding="UTF-8"?>
<!-- Generated by org.testng.reporters.JUnitReportReporter -->
<testsuite hostname="LAPTOP-2IUQ7A6J" failures="0" tests="1" name="projectAgro.TestCartValues" time="15.298" errors="0" timestamp="2023-09-01T01:13:34 IST" skipped="0">
  <testcase classname="projectAgro.TestCartValues" name="CartValues" time="15.298"/>
</testsuite> <!-- projectAgro.TestCartValues -->
