<?xml version="1.0" encoding="UTF-8"?>
<!-- Generated by org.testng.reporters.JUnitReportReporter -->
<testsuite hostname="LAPTOP-2IUQ7A6J" failures="0" tests="1" name="projectAgro.Test1SerchFunction" time="1.428" errors="0" timestamp="2023-09-05T13:33:30 IST" skipped="0">
  <testcase classname="projectAgro.Test1SerchFunction" name="Fserach" time="1.428"/>
</testsuite> <!-- projectAgro.Test1SerchFunction -->
